--- Copying files at Sat Aug 23 05:47:34 UTC 2025
--- Copied files finished at Sat Aug 23 05:47:34 UTC 2025
--- Copying files at Sat Aug 23 07:35:52 UTC 2025
--- Copied files finished at Sat Aug 23 07:35:52 UTC 2025
--- Copying files at Sat Aug 23 07:38:32 UTC 2025
--- Copied files finished at Sat Aug 23 07:38:32 UTC 2025
--- Copying files at Sat Aug 23 07:43:56 UTC 2025
--- Copied files finished at Sat Aug 23 07:43:56 UTC 2025
--- Copying files at Sat Aug 23 07:45:34 UTC 2025
--- Copied files finished at Sat Aug 23 07:45:34 UTC 2025
--- Copying files at Sat Aug 23 07:46:46 UTC 2025
--- Copied files finished at Sat Aug 23 07:46:46 UTC 2025
--- Copying files at Mon Aug 25 06:18:37 UTC 2025
--- Copied files finished at Mon Aug 25 06:18:37 UTC 2025
--- Copying files at Mon Aug 25 06:21:07 UTC 2025
--- Copied files finished at Mon Aug 25 06:21:07 UTC 2025
--- Copying files at Mon Aug 25 06:21:59 UTC 2025
--- Copied files finished at Mon Aug 25 06:21:59 UTC 2025
--- Copying files at Mon Aug 25 09:14:11 UTC 2025
--- Copied files finished at Mon Aug 25 09:14:12 UTC 2025
--- Copying files at Mon Aug 25 10:12:41 UTC 2025
--- Copied files finished at Mon Aug 25 10:12:42 UTC 2025
--- Copying files at Mon Aug 25 10:29:10 UTC 2025
--- Copied files finished at Mon Aug 25 10:29:10 UTC 2025
--- Copying files at Mon Aug 25 11:41:03 UTC 2025
--- Copied files finished at Mon Aug 25 11:41:03 UTC 2025
--- Copying files at Mon Aug 25 12:08:01 UTC 2025
--- Copied files finished at Mon Aug 25 12:08:01 UTC 2025
--- Copying files at Mon Aug 25 12:19:54 UTC 2025
--- Copied files finished at Mon Aug 25 12:19:54 UTC 2025
--- Copying files at Tue Aug 26 06:36:17 UTC 2025
--- Copied files finished at Tue Aug 26 06:36:17 UTC 2025
--- Copying files at Tue Aug 26 06:45:08 UTC 2025
--- Copied files finished at Tue Aug 26 06:45:08 UTC 2025
--- Copying files at Tue Aug 26 07:11:56 UTC 2025
--- Copied files finished at Tue Aug 26 07:11:56 UTC 2025
--- Copying files at Tue Aug 26 07:36:23 UTC 2025
--- Copied files finished at Tue Aug 26 07:36:23 UTC 2025
--- Copying files at Tue Aug 26 07:39:53 UTC 2025
--- Copied files finished at Tue Aug 26 07:39:53 UTC 2025
--- Copying files at Tue Aug 26 07:47:15 UTC 2025
--- Copied files finished at Tue Aug 26 07:47:16 UTC 2025
--- Copying files at Tue Aug 26 08:03:37 UTC 2025
--- Copied files finished at Tue Aug 26 08:03:37 UTC 2025
--- Copying files at Tue Aug 26 09:56:45 UTC 2025
--- Copied files finished at Tue Aug 26 09:56:45 UTC 2025
--- Copying files at Tue Aug 26 10:57:11 UTC 2025
--- Copied files finished at Tue Aug 26 10:57:12 UTC 2025
--- Copying files at Wed Aug 27 11:25:47 UTC 2025
--- Copied files finished at Wed Aug 27 11:25:47 UTC 2025
--- Copying files at Wed Aug 27 18:32:03 UTC 2025
--- Copied files finished at Wed Aug 27 18:32:03 UTC 2025
--- Copying files at Wed Aug 27 19:37:02 UTC 2025
--- Copied files finished at Wed Aug 27 19:37:03 UTC 2025
--- Copying files at Wed Aug 27 20:31:03 UTC 2025
--- Copied files finished at Wed Aug 27 20:31:03 UTC 2025
--- Copying files at Thu Aug 28 10:41:34 UTC 2025
--- Copied files finished at Thu Aug 28 10:41:34 UTC 2025
--- Copying files at Thu Aug 28 11:59:33 UTC 2025
--- Copied files finished at Thu Aug 28 11:59:33 UTC 2025
--- Copying files at Thu Aug 28 12:37:22 UTC 2025
--- Copied files finished at Thu Aug 28 12:37:22 UTC 2025
--- Copying files at Thu Aug 28 12:41:09 UTC 2025
--- Copied files finished at Thu Aug 28 12:41:10 UTC 2025
--- Copying files at Thu Aug 28 13:13:47 UTC 2025
--- Copied files finished at Thu Aug 28 13:13:47 UTC 2025
--- Copying files at Thu Aug 28 13:14:37 UTC 2025
--- Copied files finished at Thu Aug 28 13:14:37 UTC 2025
--- Copying files at Fri Aug 29 06:19:08 UTC 2025
--- Copied files finished at Fri Aug 29 06:19:08 UTC 2025
--- Copying files at Fri Aug 29 07:15:01 UTC 2025
--- Copied files finished at Fri Aug 29 07:15:01 UTC 2025
--- Copying files at Fri Aug 29 09:22:28 UTC 2025
--- Copied files finished at Fri Aug 29 09:22:28 UTC 2025
--- Copying files at Fri Aug 29 10:27:05 UTC 2025
--- Copied files finished at Fri Aug 29 10:27:07 UTC 2025
--- Copying files at Fri Aug 29 10:50:36 UTC 2025
--- Copied files finished at Fri Aug 29 10:50:36 UTC 2025
--- Copying files at Fri Aug 29 11:01:03 UTC 2025
--- Copied files finished at Fri Aug 29 11:01:03 UTC 2025
--- Copying files at Sat Aug 30 06:31:35 UTC 2025
--- Copied files finished at Sat Aug 30 06:31:36 UTC 2025
--- Copying files at Sat Aug 30 08:20:14 UTC 2025
--- Copied files finished at Sat Aug 30 08:20:14 UTC 2025
--- Copying files at Sat Aug 30 10:07:22 UTC 2025
--- Copied files finished at Sat Aug 30 10:07:22 UTC 2025
--- Copying files at Sat Aug 30 10:29:26 UTC 2025
--- Copied files finished at Sat Aug 30 10:29:26 UTC 2025
--- Copying files at Sat Aug 30 10:40:38 UTC 2025
--- Copied files finished at Sat Aug 30 10:40:38 UTC 2025
--- Copying files at Sun Aug 31 17:23:14 UTC 2025
--- Copied files finished at Sun Aug 31 17:23:14 UTC 2025
--- Copying files at Sun Aug 31 17:54:55 UTC 2025
--- Copied files finished at Sun Aug 31 17:54:55 UTC 2025
--- Copying files at Sun Aug 31 18:27:22 UTC 2025
--- Copied files finished at Sun Aug 31 18:27:22 UTC 2025
--- Copying files at Sun Aug 31 18:34:34 UTC 2025
--- Copied files finished at Sun Aug 31 18:34:34 UTC 2025
--- Copying files at Sun Aug 31 19:33:43 UTC 2025
--- Copied files finished at Sun Aug 31 19:33:43 UTC 2025
--- Copying files at Mon Sep  1 08:27:08 UTC 2025
--- Copied files finished at Mon Sep  1 08:27:08 UTC 2025
--- Copying files at Mon Sep  1 09:03:07 UTC 2025
--- Copied files finished at Mon Sep  1 09:03:08 UTC 2025
--- Copying files at Mon Sep  1 11:49:13 UTC 2025
--- Copied files finished at Mon Sep  1 11:49:13 UTC 2025
--- Copying files at Mon Sep  1 12:16:27 UTC 2025
--- Copied files finished at Mon Sep  1 12:16:27 UTC 2025
--- Copying files at Mon Sep  1 13:14:37 UTC 2025
--- Copied files finished at Mon Sep  1 13:14:37 UTC 2025
--- Copying files at Tue Sep  2 09:04:42 UTC 2025
--- Copied files finished at Tue Sep  2 09:04:42 UTC 2025
--- Copying files at Tue Sep  2 12:38:41 UTC 2025
--- Copied files finished at Tue Sep  2 12:38:41 UTC 2025
--- Copying files at Wed Sep  3 09:08:33 UTC 2025
--- Copied files finished at Wed Sep  3 09:08:33 UTC 2025
--- Copying files at Thu Sep  4 10:49:01 UTC 2025
--- Copied files finished at Thu Sep  4 10:49:02 UTC 2025
--- Copying files at Thu Sep  4 11:31:12 UTC 2025
--- Copied files finished at Thu Sep  4 11:31:13 UTC 2025
--- Copying files at Sat Sep  6 05:32:27 UTC 2025
--- Copied files finished at Sat Sep  6 05:32:28 UTC 2025
